[ 2017-01-03T09:49:46+08:00 ] ::1 /Car/
INFO: [ app_init ] --START--
INFO: Run Behavior\BuildLiteBehavior [ RunTime:0.000010s ]
INFO: Run Common\Behavior\InitHookBehavior [ RunTime:0.001306s ]
INFO: [ app_init ] --END-- [ RunTime:0.001635s ]
INFO: [ app_begin ] --START--
INFO: Run Behavior\ReadHtmlCacheBehavior [ RunTime:0.000700s ]
INFO: [ app_begin ] --END-- [ RunTime:0.000851s ]
SQL: SHOW COLUMNS FROM `carsearchsmall_config` [ RunTime:0.0028s ]
SQL: SELECT `type`,`name`,`value` FROM `carsearchsmall_config` WHERE `status` = 1  [ RunTime:0.0005s ]

[ 2017-01-03T09:49:51+08:00 ] ::1 /Car/
INFO: [ app_init ] --START--
INFO: Run Behavior\BuildLiteBehavior [ RunTime:0.000052s ]
INFO: Run Common\Behavior\InitHookBehavior [ RunTime:0.001494s ]
INFO: [ app_init ] --END-- [ RunTime:0.002773s ]
INFO: [ app_begin ] --START--
INFO: Run Behavior\ReadHtmlCacheBehavior [ RunTime:0.000462s ]
INFO: [ app_begin ] --END-- [ RunTime:0.000507s ]
SQL: SHOW COLUMNS FROM `carsearchsmall_config` [ RunTime:0.0119s ]
SQL: SELECT `type`,`name`,`value` FROM `carsearchsmall_config` WHERE `status` = 1  [ RunTime:0.0002s ]

[ 2017-01-03T09:51:19+08:00 ] ::1 /Car/
INFO: [ app_init ] --START--
INFO: Run Behavior\BuildLiteBehavior [ RunTime:0.000008s ]
INFO: Run Common\Behavior\InitHookBehavior [ RunTime:0.003599s ]
INFO: [ app_init ] --END-- [ RunTime:0.004053s ]
INFO: [ app_begin ] --START--
INFO: Run Behavior\ReadHtmlCacheBehavior [ RunTime:0.000838s ]
INFO: [ app_begin ] --END-- [ RunTime:0.000896s ]
SQL: SHOW COLUMNS FROM `carsearchsmall_config` [ RunTime:0.0053s ]
SQL: SELECT `type`,`name`,`value` FROM `carsearchsmall_config` WHERE `status` = 1  [ RunTime:0.0003s ]

[ 2017-01-03T09:51:30+08:00 ] ::1 /Car/
INFO: [ app_init ] --START--
INFO: Run Behavior\BuildLiteBehavior [ RunTime:0.000011s ]
INFO: Run Common\Behavior\InitHookBehavior [ RunTime:0.004330s ]
INFO: [ app_init ] --END-- [ RunTime:0.004840s ]
INFO: [ app_begin ] --START--
INFO: Run Behavior\ReadHtmlCacheBehavior [ RunTime:0.001012s ]
INFO: [ app_begin ] --END-- [ RunTime:0.001096s ]
SQL: SHOW COLUMNS FROM `carsearchsmall_config` [ RunTime:0.0046s ]
SQL: SELECT `type`,`name`,`value` FROM `carsearchsmall_config` WHERE `status` = 1  [ RunTime:0.0004s ]

[ 2017-01-03T10:21:39+08:00 ] ::1 /Car/
INFO: [ app_init ] --START--
INFO: Run Behavior\BuildLiteBehavior [ RunTime:0.000010s ]
INFO: Run Common\Behavior\InitHookBehavior [ RunTime:0.001466s ]
INFO: [ app_init ] --END-- [ RunTime:0.001798s ]
INFO: [ app_begin ] --START--
INFO: Run Behavior\ReadHtmlCacheBehavior [ RunTime:0.000400s ]
INFO: [ app_begin ] --END-- [ RunTime:0.000444s ]
SQL: SHOW COLUMNS FROM `carsearchsmall_config` [ RunTime:0.0096s ]
SQL: SELECT `type`,`name`,`value` FROM `carsearchsmall_config` WHERE `status` = 1  [ RunTime:0.0003s ]

[ 2017-01-03T10:30:04+08:00 ] ::1 /Car/
INFO: [ app_init ] --START--
INFO: Run Behavior\BuildLiteBehavior [ RunTime:0.000011s ]
INFO: Run Common\Behavior\InitHookBehavior [ RunTime:0.001877s ]
INFO: [ app_init ] --END-- [ RunTime:0.002269s ]
INFO: [ app_begin ] --START--
INFO: Run Behavior\ReadHtmlCacheBehavior [ RunTime:0.000592s ]
INFO: [ app_begin ] --END-- [ RunTime:0.000660s ]
SQL: SHOW COLUMNS FROM `carsearchsmall_config` [ RunTime:0.0132s ]
SQL: SELECT `type`,`name`,`value` FROM `carsearchsmall_config` WHERE `status` = 1  [ RunTime:0.0003s ]

[ 2017-01-03T15:58:08+08:00 ] ::1 /Car/
INFO: [ app_init ] --START--
INFO: Run Behavior\BuildLiteBehavior [ RunTime:0.000011s ]
INFO: Run Common\Behavior\InitHookBehavior [ RunTime:0.001607s ]
INFO: [ app_init ] --END-- [ RunTime:0.001926s ]
INFO: [ app_begin ] --START--
INFO: Run Behavior\ReadHtmlCacheBehavior [ RunTime:0.000465s ]
INFO: [ app_begin ] --END-- [ RunTime:0.000521s ]
SQL: SHOW COLUMNS FROM `carsearchsmall_config` [ RunTime:0.0051s ]
SQL: SELECT `type`,`name`,`value` FROM `carsearchsmall_config` WHERE `status` = 1  [ RunTime:0.0003s ]

[ 2017-01-03T15:59:09+08:00 ] ::1 /Car/
INFO: [ app_init ] --START--
INFO: Run Behavior\BuildLiteBehavior [ RunTime:0.000010s ]
INFO: Run Common\Behavior\InitHookBehavior [ RunTime:0.001530s ]
INFO: [ app_init ] --END-- [ RunTime:0.001848s ]
INFO: [ app_begin ] --START--
INFO: Run Behavior\ReadHtmlCacheBehavior [ RunTime:0.001033s ]
INFO: [ app_begin ] --END-- [ RunTime:0.001234s ]
SQL: SHOW COLUMNS FROM `carsearchsmall_config` [ RunTime:0.0036s ]
SQL: SELECT `type`,`name`,`value` FROM `carsearchsmall_config` WHERE `status` = 1  [ RunTime:0.0002s ]

[ 2017-01-03T15:59:18+08:00 ] ::1 /Car/
INFO: [ app_init ] --START--
INFO: Run Behavior\BuildLiteBehavior [ RunTime:0.000013s ]
INFO: Run Common\Behavior\InitHookBehavior [ RunTime:0.001701s ]
INFO: [ app_init ] --END-- [ RunTime:0.002050s ]
INFO: [ app_begin ] --START--
INFO: Run Behavior\ReadHtmlCacheBehavior [ RunTime:0.000458s ]
INFO: [ app_begin ] --END-- [ RunTime:0.000552s ]
SQL: SHOW COLUMNS FROM `carsearchsmall_config` [ RunTime:0.0019s ]
SQL: SELECT `type`,`name`,`value` FROM `carsearchsmall_config` WHERE `status` = 1  [ RunTime:0.0003s ]

[ 2017-01-03T16:13:13+08:00 ] ::1 /Car/
INFO: [ app_init ] --START--
INFO: Run Behavior\BuildLiteBehavior [ RunTime:0.000017s ]
INFO: Run Common\Behavior\InitHookBehavior [ RunTime:0.001576s ]
INFO: [ app_init ] --END-- [ RunTime:0.002416s ]
INFO: [ app_begin ] --START--
INFO: Run Behavior\ReadHtmlCacheBehavior [ RunTime:0.000422s ]
INFO: [ app_begin ] --END-- [ RunTime:0.000469s ]
SQL: SHOW COLUMNS FROM `carsearchsmall_config` [ RunTime:0.0023s ]
SQL: SELECT `type`,`name`,`value` FROM `carsearchsmall_config` WHERE `status` = 1  [ RunTime:0.0003s ]

[ 2017-01-03T16:13:20+08:00 ] ::1 /Car/
INFO: [ app_init ] --START--
INFO: Run Behavior\BuildLiteBehavior [ RunTime:0.000009s ]
INFO: Run Common\Behavior\InitHookBehavior [ RunTime:0.001379s ]
INFO: [ app_init ] --END-- [ RunTime:0.001655s ]
INFO: [ app_begin ] --START--
INFO: Run Behavior\ReadHtmlCacheBehavior [ RunTime:0.000413s ]
INFO: [ app_begin ] --END-- [ RunTime:0.000465s ]
SQL: SHOW COLUMNS FROM `carsearchsmall_config` [ RunTime:0.0028s ]
SQL: SELECT `type`,`name`,`value` FROM `carsearchsmall_config` WHERE `status` = 1  [ RunTime:0.0003s ]

